<?xml version="1.0" encoding="UTF-8"?>
<testsuite xmlns:xsi="http://www.w3.org/2001/XMLSchema-instance" xsi:noNamespaceSchemaLocation="https://maven.apache.org/surefire/maven-surefire-plugin/xsd/surefire-test-report-3.0.xsd" version="3.0" name="io.vxd.textadventure.infrastructure.world.WorldLoaderTest" time="0.138" tests="12" errors="0" skipped="0" failures="0">
  <properties>
[...]
</properties>
  <testcase name="testManorHasKey" classname="io.vxd.textadventure.infrastructure.world.WorldLoaderTest" time="0.107"/>
  <testcase name="testManorHasNpc" classname="io.vxd.textadventure.infrastructure.world.WorldLoaderTest" time="0.002"/>
  <testcase name="testManorHasRequiredEndings" classname="io.vxd.textadventure.infrastructure.world.WorldLoaderTest" time="0.003"/>
  <testcase name="testManorStartRoomIsFoyer" classname="io.vxd.textadventure.infrastructure.world.WorldLoaderTest" time="0.002"/>
  <testcase name="testLoadValidWorld" classname="io.vxd.textadventure.infrastructure.world.WorldLoaderTest" time="0.002"/>
  <testcase name="testManorHasBagContainer" classname="io.vxd.textadventure.infrastructure.world.WorldLoaderTest" time="0.001"/>
  <testcase name="testRejectMissingStartRoom" classname="io.vxd.textadventure.infrastructure.world.WorldLoaderTest" time="0.001"/>
  <testcase name="testRejectDuplicateItemIds" classname="io.vxd.textadventure.infrastructure.world.WorldLoaderTest" time="0.0"/>
  <testcase name="testRejectNoEndings" classname="io.vxd.textadventure.infrastructure.world.WorldLoaderTest" time="0.001"/>
  <testcase name="testManorHasMinimumItems" classname="io.vxd.textadventure.infrastructure.world.WorldLoaderTest" time="0.002"/>
  <testcase name="testManorHasMinimumRooms" classname="io.vxd.textadventure.infrastructure.world.WorldLoaderTest" time="0.001"/>
  <testcase name="testRejectMissingExitTarget" classname="io.vxd.textadventure.infrastructure.world.WorldLoaderTest" time="0.002"/>
</testsuite>