<?xml version="1.0" encoding="UTF-8"?>
<testsuite xmlns:xsi="http://www.w3.org/2001/XMLSchema-instance" xsi:noNamespaceSchemaLocation="https://maven.apache.org/surefire/maven-surefire-plugin/xsd/surefire-test-report-3.0.xsd" version="3.0" name="io.vxd.textadventure.application.parser.VerbTest" time="0.042" tests="13" errors="0" skipped="0" failures="0">
  <properties>
[...]
</properties>
  <testcase name="testQuitSynonyms" classname="io.vxd.textadventure.application.parser.VerbTest" time="0.003"/>
  <testcase name="testPutSynonym" classname="io.vxd.textadventure.application.parser.VerbTest" time="0.0"/>
  <testcase name="testSaveSynonym" classname="io.vxd.textadventure.application.parser.VerbTest" time="0.0"/>
  <testcase name="testTalkSynonyms" classname="io.vxd.textadventure.application.parser.VerbTest" time="0.0"/>
  <testcase name="testInventorySynonyms" classname="io.vxd.textadventure.application.parser.VerbTest" time="0.0"/>
  <testcase name="testGoSynonyms" classname="io.vxd.textadventure.application.parser.VerbTest" time="0.0"/>
  <testcase name="testCaseInsensitive" classname="io.vxd.textadventure.application.parser.VerbTest" time="0.0"/>
  <testcase name="testUseSynonym" classname="io.vxd.textadventure.application.parser.VerbTest" time="0.0"/>
  <testcase name="testTakeSynonyms" classname="io.vxd.textadventure.application.parser.VerbTest" time="0.0"/>
  <testcase name="testUnknownVerb" classname="io.vxd.textadventure.application.parser.VerbTest" time="0.0"/>
  <testcase name="testLoadSynonym" classname="io.vxd.textadventure.application.parser.VerbTest" time="0.0"/>
  <testcase name="testLookSynonyms" classname="io.vxd.textadventure.application.parser.VerbTest" time="0.0"/>
  <testcase name="testVerbEnumExists" classname="io.vxd.textadventure.application.parser.VerbTest" time="0.0"/>
</testsuite>